app/proguard-project.txt
# To enable ProGuard in your project, edit project.properties
# to define the proguard.config property as described in that file.
#
# Add project specific ProGuard rules here.
# By default, the flags in this file are appended to flags specified
# in ${sdk.dir}/tools/proguard/proguard-android.txt
# You can edit the include path and order by changing the ProGuard
# include property in project.properties.
#
# For more details, see
#   http://developer.android.com/guide/developing/tools/proguard.html

# Add any project specific keep options here:

# If your project uses WebView with JS, uncomment the following
# and specify the fully qualified class name to the JavaScript interface
# class:
#-keepclassmembers class fqcn.of.javascript.interface.for.webview {
#   public *;
#}


#-ignorewarnings
#-optimizationpasses 5                                                           # 指定代码的压缩级别
#-dontusemixedcaseclassnames                                                     # 是否使用大小写混合
#-dontskipnonpubliclibraryclasses                                                # 是否混淆第三方jar
#-dontpreverify                                                                  # 混淆时是否做预校验
#-verbose                                                                        # 混淆时是否记录日志
#-optimizations !code/simplification/arithmetic,!field/*,!class/merging/*        # 混淆时所采用的算法


-keep class com.guozha.buy.global.net.HttpManager.*{*;}

#友盟相关的

-dontshrink
-dontoptimize
-dontwarn com.google.android.maps.**
-dontwarn android.webkit.WebView
-dontwarn com.umeng.**
-dontwarn com.tencent.weibo.sdk.**
-dontwarn com.facebook.**

#-libraryjars libs/SocialSDK_QQZone_2.jar

-keep enum com.facebook.**
-keepattributes Exceptions,InnerClasses,Signature
-keepattributes *Annotation*
-keepattributes SourceFile,LineNumberTable

-keep public interface com.facebook.**
-keep public interface com.tencent.**
-keep public interface com.umeng.socialize.**
-keep public interface com.umeng.socialize.sensor.**
-keep public interface com.umeng.scrshot.**

-keep public class com.umeng.socialize.* {*;}
-keep public class javax.**
-keep public class android.webkit.**

-keep class com.facebook.**
-keep class com.umeng.scrshot.**
-keep public class com.tencent.** {*;}
-keep class com.umeng.socialize.sensor.**

-keep class com.tencent.mm.sdk.modelmsg.WXMediaMessage {*;}

-keep class com.tencent.mm.sdk.modelmsg.** implements com.tencent.mm.sdk.modelmsg.WXMediaMessage$IMediaObject {*;}

-keep class im.yixin.sdk.api.YXMessage {*;}
-keep class im.yixin.sdk.api.** implements im.yixin.sdk.api.YXMessage$YXMessageData{*;}

-keep public class com.guozha.buy.R$*{
    public static final int *;
}

#gson混淆相关

-keepclassmembers class * extends java.io.Serializable {
    static final long serialVersionUID;
    private static final java.io.ObjectStreamField[] serialPersistentFields;
    private void writeObject(java.io.ObjectOutputStream);
    private void readObject(java.io.ObjectInputStream);
    java.lang.Object writeReplace();
    java.lang.Object readResolve();
}


# Gson specific classes
-keep class sun.misc.Unsafe {
    <fields>;
    <methods>;
}


# -keep class com.google.gson.stream.** { *; }  
# Application classes that will be serialized/deserialized over Gson
-keep class com.guozha.buy.entry.** {
    <fields>;
    <methods>;
}


#支付宝混淆相关
#-libraryjars libs/alipaysdk.jar
#-libraryjars libs/alipaysecsdk.jar
#-libraryjars libs/alipayutdid.jar
-keep class com.alipay.android.app.IAlixPay{*;}
-keep class com.alipay.android.app.IAlixPay$Stub{*;}
-keep class com.alipay.android.app.IRemoteServiceCallback{*;}
-keep class com.alipay.android.app.IRemoteServiceCallback$Stub{*;}
-keep class com.alipay.sdk.app.PayTask{ public *;}
-keep class com.alipay.sdk.app.AuthTask{ public *;}
-keep class com.alipay.mobilesecuritysdk.*
-keep class com.ut.*