app/build/outputs/mapping/release/seeds.txt
com.guozha.buy.R$anim
com.guozha.buy.R$anim: int dialog_weight_select_in_from_bottom
com.guozha.buy.R$anim: int dialog_weight_select_out_from_bottom
com.guozha.buy.R$anim: int market_menu_in_anim
com.guozha.buy.R$anim: int market_menu_out_anim
com.guozha.buy.R$anim: int slide_in_left
com.guozha.buy.R$anim: int slide_in_right
com.guozha.buy.R$anim: int slide_out_left
com.guozha.buy.R$anim: int slide_out_right
com.guozha.buy.R$anim: int umeng_socialize_fade_in
com.guozha.buy.R$anim: int umeng_socialize_fade_out
com.guozha.buy.R$anim: int umeng_socialize_shareboard_animation_in
com.guozha.buy.R$anim: int umeng_socialize_shareboard_animation_out
com.guozha.buy.R$anim: int umeng_socialize_slide_in_from_bottom
com.guozha.buy.R$anim: int umeng_socialize_slide_out_from_bottom
com.guozha.buy.R$attr
com.guozha.buy.R$attr: int check_color
com.guozha.buy.R$attr: int check_icon
com.guozha.buy.R$attr: int checked_item
com.guozha.buy.R$attr: int nomal_color
com.guozha.buy.R$attr: int nomal_icon
com.guozha.buy.R$attr: int tab_num
com.guozha.buy.R$attr: int text
com.guozha.buy.R$attr: int text_size
com.guozha.buy.R$color
com.guozha.buy.R$color: int actionbar_bg_color
com.guozha.buy.R$color: int actionbar_text_color
com.guozha.buy.R$color: int actionbar_title_color
com.guozha.buy.R$color: int activity_splash_bg_color
com.guozha.buy.R$color: int addcart_float_anim_bg_color
com.guozha.buy.R$color: int app_base_hint_text_color
com.guozha.buy.R$color: int app_base_nomal_background_color
com.guozha.buy.R$color: int app_base_text_color
com.guozha.buy.R$color: int app_base_yellow_color
com.guozha.buy.R$color: int checkbox_press_bg
com.guozha.buy.R$color: int color_app_base_1
com.guozha.buy.R$color: int color_app_base_10
com.guozha.buy.R$color: int color_app_base_11
com.guozha.buy.R$color: int color_app_base_12
com.guozha.buy.R$color: int color_app_base_2
com.guozha.buy.R$color: int color_app_base_21
com.guozha.buy.R$color: int color_app_base_22
com.guozha.buy.R$color: int color_app_base_23
com.guozha.buy.R$color: int color_app_base_24
com.guozha.buy.R$color: int color_app_base_25
com.guozha.buy.R$color: int color_app_base_26
com.guozha.buy.R$color: int color_app_base_27
com.guozha.buy.R$color: int color_app_base_28
com.guozha.buy.R$color: int color_app_base_29
com.guozha.buy.R$color: int color_app_base_3
com.guozha.buy.R$color: int color_app_base_30
com.guozha.buy.R$color: int color_app_base_31
com.guozha.buy.R$color: int color_app_base_32
com.guozha.buy.R$color: int color_app_base_33
com.guozha.buy.R$color: int color_app_base_34
com.guozha.buy.R$color: int color_app_base_35
com.guozha.buy.R$dimen
com.guozha.buy.R$dimen: int actionbar_title_size
com.guozha.buy.R$dimen: int alphabet_size
com.guozha.buy.R$dimen: int app_base_text_size
com.guozha.buy.R$dimen: int app_big_text_size
com.guozha.buy.R$dimen: int app_nomal_text_size
com.guozha.buy.R$dimen: int app_small_text_size
com.guozha.buy.R$dimen: int dimen_global_10sp
com.guozha.buy.R$dimen: int dimen_global_12sp
com.guozha.buy.R$dimen: int dimen_global_14sp
com.guozha.buy.R$dimen: int dimen_global_16sp
com.guozha.buy.R$dimen: int dimen_global_17sp
com.guozha.buy.R$dimen: int dimen_global_18sp
com.guozha.buy.R$dimen: int dimen_global_20sp
com.guozha.buy.R$dimen: int dimen_global_30sp
com.guozha.buy.R$dimen: int dimen_global_39sp
com.guozha.buy.R$dimen: int dimen_global_60sp
com.guozha.buy.R$dimen: int umeng_socialize_pad_window_height
com.guozha.buy.R$dimen: int umeng_socialize_pad_window_width
...
com.alimama.mobile.csdk.umupdate.models.Promoter
com.alimama.mobile.csdk.umupdate.models.Promoter: android.os.Parcelable$Creator CREATOR
com.alimama.mobile.csdk.umupdate.models.Promoter$b: com.alimama.mobile.csdk.umupdate.models.Promoter$b[] values()
com.alimama.mobile.csdk.umupdate.models.Promoter$b: com.alimama.mobile.csdk.umupdate.models.Promoter$b valueOf(java.lang.String)
com.alimama.mobile.csdk.umupdate.models.a
com.alimama.mobile.csdk.umupdate.models.d: com.alimama.mobile.csdk.umupdate.models.d[] values()
com.alimama.mobile.csdk.umupdate.models.d: com.alimama.mobile.csdk.umupdate.models.d valueOf(java.lang.String)
com.alimama.mobile.csdk.umupdate.models.e: com.alimama.mobile.csdk.umupdate.models.e[] values()
com.alimama.mobile.csdk.umupdate.models.e: com.alimama.mobile.csdk.umupdate.models.e valueOf(java.lang.String)
com.alimama.mobile.csdk.umupdate.models.f: com.alimama.mobile.csdk.umupdate.models.f[] values()
com.alimama.mobile.csdk.umupdate.models.f: com.alimama.mobile.csdk.umupdate.models.f valueOf(java.lang.String)
com.alipay.android.app.IAlixPay
com.alipay.android.app.IAlixPay: java.lang.String Pay(java.lang.String)
com.alipay.android.app.IAlixPay: java.lang.String test()
com.alipay.android.app.IAlixPay: void registerCallback(com.alipay.android.app.IRemoteServiceCallback)
com.alipay.android.app.IAlixPay: void unregisterCallback(com.alipay.android.app.IRemoteServiceCallback)
com.alipay.android.app.IAlixPay: java.lang.String prePay(java.lang.String)
com.alipay.android.app.IAlixPay$Stub
com.alipay.android.app.IAlixPay$Stub: java.lang.String DESCRIPTOR
com.alipay.android.app.IAlixPay$Stub: int TRANSACTION_Pay
com.alipay.android.app.IAlixPay$Stub: int TRANSACTION_test
com.alipay.android.app.IAlixPay$Stub: int TRANSACTION_registerCallback
com.alipay.android.app.IAlixPay$Stub: int TRANSACTION_unregisterCallback
com.alipay.android.app.IAlixPay$Stub: int TRANSACTION_prePay
com.alipay.android.app.IAlixPay$Stub: IAlixPay$Stub()
com.alipay.android.app.IAlixPay$Stub: com.alipay.android.app.IAlixPay asInterface(android.os.IBinder)
com.alipay.android.app.IAlixPay$Stub: android.os.IBinder asBinder()
com.alipay.android.app.IAlixPay$Stub: boolean onTransact(int,android.os.Parcel,android.os.Parcel,int)
com.alipay.android.app.IRemoteServiceCallback
com.alipay.android.app.IRemoteServiceCallback: void startActivity(java.lang.String,java.lang.String,int,android.os.Bundle)
com.alipay.android.app.IRemoteServiceCallback: void payEnd(boolean,java.lang.String)
com.alipay.android.app.IRemoteServiceCallback: boolean isHideLoadingScreen()
com.alipay.android.app.IRemoteServiceCallback$Stub
com.alipay.android.app.IRemoteServiceCallback$Stub: java.lang.String DESCRIPTOR
com.alipay.android.app.IRemoteServiceCallback$Stub: int TRANSACTION_startActivity
com.alipay.android.app.IRemoteServiceCallback$Stub: int TRANSACTION_payEnd
com.alipay.android.app.IRemoteServiceCallback$Stub: int TRANSACTION_isHideLoadingScreen
com.alipay.android.app.IRemoteServiceCallback$Stub: IRemoteServiceCallback$Stub()
com.alipay.android.app.IRemoteServiceCallback$Stub: com.alipay.android.app.IRemoteServiceCallback asInterface(android.os.IBinder)
com.alipay.android.app.IRemoteServiceCallback$Stub: android.os.IBinder asBinder()
com.alipay.android.app.IRemoteServiceCallback$Stub: boolean onTransact(int,android.os.Parcel,android.os.Parcel,int)
com.alipay.mobilesecuritysdk.MainHandler
com.alipay.mobilesecuritysdk.constant.ConfigNameEnum: com.alipay.mobilesecuritysdk.constant.ConfigNameEnum[] values()
com.alipay.mobilesecuritysdk.constant.ConfigNameEnum: com.alipay.mobilesecuritysdk.constant.ConfigNameEnum valueOf(java.lang.String)
com.alipay.mobilesecuritysdk.constant.LocationNameEnum: com.alipay.mobilesecuritysdk.constant.LocationNameEnum[] values()
com.alipay.mobilesecuritysdk.constant.LocationNameEnum: com.alipay.mobilesecuritysdk.constant.LocationNameEnum valueOf(java.lang.String)