app/build/outputs/mapping/release/mapping.txt
com.guozha.buy.BuildConfig -> com.guozha.buy.a:
    boolean DEBUG -> a
    java.lang.String APPLICATION_ID -> b
    java.lang.String BUILD_TYPE -> c
    java.lang.String FLAVOR -> d
    int VERSION_CODE -> e
    java.lang.String VERSION_NAME -> f
com.guozha.buy.Manifest -> com.guozha.buy.b:
com.guozha.buy.Manifest$permission -> com.guozha.buy.b$a:
    java.lang.String JPUSH_MESSAGE -> a
com.guozha.buy.R -> com.guozha.buy.R:
com.guozha.buy.R$anim -> com.guozha.buy.R$anim:
    int dialog_weight_select_in_from_bottom -> dialog_weight_select_in_from_bottom
    int dialog_weight_select_out_from_bottom -> dialog_weight_select_out_from_bottom
    int market_menu_in_anim -> market_menu_in_anim
    int market_menu_out_anim -> market_menu_out_anim
    int slide_in_left -> slide_in_left
    int slide_in_right -> slide_in_right
    int slide_out_left -> slide_out_left
    int slide_out_right -> slide_out_right
    int umeng_socialize_fade_in -> umeng_socialize_fade_in
    int umeng_socialize_fade_out -> umeng_socialize_fade_out
    int umeng_socialize_shareboard_animation_in -> umeng_socialize_shareboard_animation_in
    int umeng_socialize_shareboard_animation_out -> umeng_socialize_shareboard_animation_out
    int umeng_socialize_slide_in_from_bottom -> umeng_socialize_slide_in_from_bottom
    int umeng_socialize_slide_out_from_bottom -> umeng_socialize_slide_out_from_bottom
com.guozha.buy.R$attr -> com.guozha.buy.R$attr:
    int check_color -> check_color
    int check_icon -> check_icon
    int checked_item -> checked_item
    int nomal_color -> nomal_color
    int nomal_icon -> nomal_icon
    int tab_num -> tab_num
    int text -> text
    int text_size -> text_size
com.guozha.buy.R$color -> com.guozha.buy.R$color:
    int actionbar_bg_color -> actionbar_bg_color
    int actionbar_text_color -> actionbar_text_color
    int actionbar_title_color -> actionbar_title_color
    int activity_splash_bg_color -> activity_splash_bg_color
    int addcart_float_anim_bg_color -> addcart_float_anim_bg_color
    int app_base_hint_text_color -> app_base_hint_text_color
    int app_base_nomal_background_color -> app_base_nomal_background_color
    int app_base_text_color -> app_base_text_color
    int app_base_yellow_color -> app_base_yellow_color
    int checkbox_press_bg -> checkbox_press_bg
    int color_app_base_1 -> color_app_base_1
    int color_app_base_10 -> color_app_base_10
    int color_app_base_11 -> color_app_base_11
    int color_app_base_12 -> color_app_base_12
    int color_app_base_2 -> color_app_base_2
    int color_app_base_21 -> color_app_base_21
    int color_app_base_22 -> color_app_base_22
    int color_app_base_23 -> color_app_base_23
    int color_app_base_24 -> color_app_base_24
    int color_app_base_25 -> color_app_base_25
    int color_app_base_26 -> color_app_base_26
    int color_app_base_27 -> color_app_base_27
    int color_app_base_28 -> color_app_base_28
    int color_app_base_29 -> color_app_base_29
    int color_app_base_3 -> color_app_base_3
    int color_app_base_30 -> color_app_base_30
    int color_app_base_31 -> color_app_base_31
    int color_app_base_32 -> color_app_base_32
...
u.aly.v -> d.a.dx:
    void a(java.lang.Throwable) -> a
u.aly.w -> d.a.dy:
    void a(int) -> a
    void b(int) -> b
    void c(int) -> c
u.aly.x -> d.a.dz:
    java.lang.String a -> a
    14:14:android.content.SharedPreferences a(android.content.Context,java.lang.String) -> a
    18:18:android.content.SharedPreferences a(android.content.Context) -> a
u.aly.y -> d.a.ea:
    int a -> a
    int b -> b
    int c -> c
    u.aly.d d -> d
    u.aly.f e -> e
    int f -> f
    android.content.Context g -> g
    u.aly.aa h -> h
    u.aly.t i -> i
    u.aly.bn j -> j
    boolean k -> k
    boolean l -> l
    64:65:void a(u.aly.bn) -> a
    68:69:void a(boolean) -> a
    71:72:void b(boolean) -> b
    75:76:void a(u.aly.w) -> a
    79:84:void a() -> a
    87:139:void b() -> b
    142:192:void c() -> c
    195:214:int a(byte[]) -> a
    219:232:byte[] b(u.aly.bn) -> b
    25:25:u.aly.t a(u.aly.y) -> a
    25:25:int a(u.aly.y,byte[]) -> a
    25:25:u.aly.aa b(u.aly.y) -> b
    25:25:boolean c(u.aly.y) -> c
u.aly.y$1 -> d.a.eb:
    u.aly.y a -> a
    91:91:void a(java.io.File) -> a
    96:130:boolean b(java.io.File) -> b
    135:136:void c(java.io.File) -> c
u.aly.z -> d.a.ec:
    java.lang.String a -> a
    java.lang.String b -> b
    java.lang.String c -> c
    java.lang.String d -> d
    java.lang.String e -> e
    java.lang.String f -> f
    java.lang.String g -> g
    35:82:u.aly.aj a(android.content.Context) -> a
    86:95:void a(android.content.SharedPreferences) -> a
    99:112:java.lang.String b(android.content.Context) -> b
    117:133:void c(android.content.Context) -> c
    136:156:void d(android.content.Context) -> d
    159:172:boolean b(android.content.SharedPreferences) -> b
    177:198:java.lang.String a(android.content.Context,android.content.SharedPreferences) -> a
    202:229:boolean e(android.content.Context) -> e
    233:250:void f(android.content.Context) -> f
    253:256:java.lang.String g(android.content.Context) -> g
u.upd.a -> d.b.a:
    java.lang.String a -> a
    java.lang.String b -> b
    java.lang.String c -> c
    java.lang.String d -> d
    int e -> e
    57:65:boolean a(java.lang.String,android.content.Context) -> a
    76:77:boolean a(android.content.Context) -> a
    87:90:boolean b(android.content.Context) -> b
    102:107:java.lang.String c(android.content.Context) -> c
    119:123:java.lang.String d(android.content.Context) -> d
    136:140:boolean a(android.content.Context,java.lang.String) -> a
    151:160:java.lang.String e(android.content.Context) -> e
    172:180:java.lang.String[] a(javax.microedition.khronos.opengles.GL10) -> a
    190:218:java.lang.String a() -> a
    229:257:java.lang.String f(android.content.Context) -> f
    267:267:java.lang.String g(android.content.Context) -> g
    278:287:java.lang.String h(android.content.Context) -> h
    299:312:java.lang.String i(android.content.Context) -> i
    325:359:java.lang.String[] j(android.content.Context) -> j
    363:363:boolean k(android.content.Context) -> k
    376:384:boolean l(android.content.Context) -> l
    394:398:boolean b() -> b
    411:420:int m(android.content.Context) -> m
    431:451:java.lang.String[] n(android.content.Context) -> n
    462:479:java.util.Locale x(android.content.Context) -> x
    489:511:java.lang.String o(android.content.Context) -> o
    522:534:java.lang.String p(android.content.Context) -> p
    544:555:java.lang.String q(android.content.Context) -> q